<?xml version="1.0" encoding="UTF-8"?>
<testng-results skipped="16" failed="0" total="16" passed="0">
  <reporter-output>
  </reporter-output>
  <suite name="Free CRM Automation" duration-ms="76412" started-at="2018-11-08T20:33:52Z" finished-at="2018-11-08T20:35:09Z">
    <groups>
    </groups>
    <test name="Free CRM Test" duration-ms="76412" started-at="2018-11-08T20:33:52Z" finished-at="2018-11-08T20:35:09Z">
      <class name="com.crm.qa.testcases.ContactsTest">
        <test-method status="FAIL" signature="setup()[pri:0, instance:com.crm.qa.testcases.ContactsTest@61832929]" name="setup" is-config="true" duration-ms="0" started-at="2018-11-08T15:33:52Z" finished-at="2018-11-08T15:33:52Z">
          <exception class="org.openqa.selenium.TimeoutException">
            <message>
              <![CDATA[timeout
  (Session info: chrome=70.0.3538.67)
  (Driver info: chromedriver=2.40.565498 (ea082db3280dd6843ebfb08a625e3eb905c4f5ab),platform=Windows NT 10.0.17134 x86_64) (WARNING: The server did not provide any stacktrace information)
Command duration or timeout: 0 milliseconds
Build info: version: '3.13.0', revision: '2f0d292', time: '2018-06-25T15:24:21.231Z'
System info: host: 'LAPTOP-5HLIGGH5', ip: '172.18.56.113', os.name: 'Windows 10', os.arch: 'amd64', os.version: '10.0', java.version: '1.8.0_191'
Driver info: org.openqa.selenium.chrome.ChromeDriver
Capabilities {acceptInsecureCerts: false, acceptSslCerts: false, applicationCacheEnabled: false, browserConnectionEnabled: false, browserName: chrome, chrome: {chromedriverVersion: 2.40.565498 (ea082db3280dd6..., userDataDir: C:\Users\ayalt\AppData\Loca...}, cssSelectorsEnabled: true, databaseEnabled: false, handlesAlerts: true, hasTouchScreen: false, javascriptEnabled: true, locationContextEnabled: true, mobileEmulationEnabled: false, nativeEvents: true, networkConnectionEnabled: false, pageLoadStrategy: normal, platform: XP, platformName: XP, rotatable: false, setWindowRect: true, takesHeapSnapshot: true, takesScreenshot: true, unexpectedAlertBehaviour: , unhandledPromptBehavior: , version: 70.0.3538.67, webStorageEnabled: true}
Session ID: b7f22049d90bffa3b6b2792805a9dac6]]>
            </message>
            <full-stacktrace>
              <![CDATA[org.openqa.selenium.TimeoutException: timeout
  (Session info: chrome=70.0.3538.67)
  (Driver info: chromedriver=2.40.565498 (ea082db3280dd6843ebfb08a625e3eb905c4f5ab),platform=Windows NT 10.0.17134 x86_64) (WARNING: The server did not provide any stacktrace information)
Command duration or timeout: 0 milliseconds
Build info: version: '3.13.0', revision: '2f0d292', time: '2018-06-25T15:24:21.231Z'
System info: host: 'LAPTOP-5HLIGGH5', ip: '172.18.56.113', os.name: 'Windows 10', os.arch: 'amd64', os.version: '10.0', java.version: '1.8.0_191'
Driver info: org.openqa.selenium.chrome.ChromeDriver
Capabilities {acceptInsecureCerts: false, acceptSslCerts: false, applicationCacheEnabled: false, browserConnectionEnabled: false, browserName: chrome, chrome: {chromedriverVersion: 2.40.565498 (ea082db3280dd6..., userDataDir: C:\Users\ayalt\AppData\Loca...}, cssSelectorsEnabled: true, databaseEnabled: false, handlesAlerts: true, hasTouchScreen: false, javascriptEnabled: true, locationContextEnabled: true, mobileEmulationEnabled: false, nativeEvents: true, networkConnectionEnabled: false, pageLoadStrategy: normal, platform: XP, platformName: XP, rotatable: false, setWindowRect: true, takesHeapSnapshot: true, takesScreenshot: true, unexpectedAlertBehaviour: , unhandledPromptBehavior: , version: 70.0.3538.67, webStorageEnabled: true}
Session ID: b7f22049d90bffa3b6b2792805a9dac6
	at sun.reflect.NativeConstructorAccessorImpl.newInstance0(Native Method)
	at sun.reflect.NativeConstructorAccessorImpl.newInstance(Unknown Source)
	at sun.reflect.DelegatingConstructorAccessorImpl.newInstance(Unknown Source)
	at java.lang.reflect.Constructor.newInstance(Unknown Source)
	at org.openqa.selenium.remote.ErrorHandler.createThrowable(ErrorHandler.java:214)
	at org.openqa.selenium.remote.ErrorHandler.throwIfResponseFailed(ErrorHandler.java:166)
	at org.openqa.selenium.remote.http.JsonHttpResponseCodec.reconstructValue(JsonHttpResponseCodec.java:40)
	at org.openqa.selenium.remote.http.AbstractHttpResponseCodec.decode(AbstractHttpResponseCodec.java:80)
	at org.openqa.selenium.remote.http.AbstractHttpResponseCodec.decode(AbstractHttpResponseCodec.java:44)
	at org.openqa.selenium.remote.HttpCommandExecutor.execute(HttpCommandExecutor.java:158)
	at org.openqa.selenium.remote.service.DriverCommandExecutor.execute(DriverCommandExecutor.java:83)
	at org.openqa.selenium.remote.RemoteWebDriver.execute(RemoteWebDriver.java:548)
	at org.openqa.selenium.remote.RemoteWebDriver.get(RemoteWebDriver.java:276)
	at com.crm.qa.base.TestBase.initialization(TestBase.java:57)
	at com.crm.qa.testcases.ContactsTest.setup(ContactsTest.java:38)
	at sun.reflect.NativeMethodAccessorImpl.invoke0(Native Method)
	at sun.reflect.NativeMethodAccessorImpl.invoke(Unknown Source)
	at sun.reflect.DelegatingMethodAccessorImpl.invoke(Unknown Source)
	at java.lang.reflect.Method.invoke(Unknown Source)
	at org.testng.internal.MethodInvocationHelper.invokeMethod(MethodInvocationHelper.java:80)
	at org.testng.internal.Invoker.invokeConfigurationMethod(Invoker.java:564)
	at org.testng.internal.Invoker.invokeConfigurations(Invoker.java:213)
	at org.testng.internal.Invoker.invokeMethod(Invoker.java:653)
	at org.testng.internal.Invoker.invokeTestMethod(Invoker.java:901)
	at org.testng.internal.Invoker.invokeTestMethods(Invoker.java:1231)
	at org.testng.internal.TestMethodWorker.invokeTestMethods(TestMethodWorker.java:127)
	at org.testng.internal.TestMethodWorker.run(TestMethodWorker.java:111)
	at org.testng.TestRunner.privateRun(TestRunner.java:767)
	at org.testng.TestRunner.run(TestRunner.java:617)
	at org.testng.SuiteRunner.runTest(SuiteRunner.java:334)
	at org.testng.SuiteRunner.runSequentially(SuiteRunner.java:329)
	at org.testng.SuiteRunner.privateRun(SuiteRunner.java:291)
	at org.testng.SuiteRunner.run(SuiteRunner.java:240)
	at org.testng.SuiteRunnerWorker.runSuite(SuiteRunnerWorker.java:52)
	at org.testng.SuiteRunnerWorker.run(SuiteRunnerWorker.java:86)
	at org.testng.TestNG.runSuitesSequentially(TestNG.java:1198)
	at org.testng.TestNG.runSuitesLocally(TestNG.java:1123)
	at org.testng.TestNG.run(TestNG.java:1031)
	at org.testng.remote.AbstractRemoteTestNG.run(AbstractRemoteTestNG.java:114)
	at org.testng.remote.RemoteTestNG.initAndRun(RemoteTestNG.java:251)
	at org.testng.remote.RemoteTestNG.main(RemoteTestNG.java:77)
]]>
            </full-stacktrace>
          </exception> <!-- org.openqa.selenium.TimeoutException -->
          <reporter-output>
          </reporter-output>
        </test-method> <!-- setup -->
        <test-method status="SKIP" signature="verifyContactslbl()[pri:0, instance:com.crm.qa.testcases.ContactsTest@61832929]" name="verifyContactslbl" duration-ms="19" started-at="2018-11-08T15:34:20Z" finished-at="2018-11-08T15:34:20Z">
          <reporter-output>
          </reporter-output>
        </test-method> <!-- verifyContactslbl -->
        <test-method status="SKIP" signature="teardown()[pri:0, instance:com.crm.qa.testcases.ContactsTest@61832929]" name="teardown" is-config="true" duration-ms="0" started-at="2018-11-08T15:34:20Z" finished-at="2018-11-08T15:34:20Z">
          <reporter-output>
          </reporter-output>
        </test-method> <!-- teardown -->
        <test-method status="SKIP" signature="setup()[pri:0, instance:com.crm.qa.testcases.ContactsTest@61832929]" name="setup" is-config="true" duration-ms="0" started-at="2018-11-08T15:34:20Z" finished-at="2018-11-08T15:34:20Z">
          <reporter-output>
          </reporter-output>
        </test-method> <!-- setup -->
        <test-method status="SKIP" signature="verifyTitleTest()[pri:0, instance:com.crm.qa.testcases.ContactsTest@61832929]" name="verifyTitleTest" duration-ms="3" started-at="2018-11-08T15:34:20Z" finished-at="2018-11-08T15:34:20Z">
          <reporter-output>
          </reporter-output>
        </test-method> <!-- verifyTitleTest -->
        <test-method status="SKIP" signature="teardown()[pri:0, instance:com.crm.qa.testcases.ContactsTest@61832929]" name="teardown" is-config="true" duration-ms="0" started-at="2018-11-08T15:34:20Z" finished-at="2018-11-08T15:34:20Z">
          <reporter-output>
          </reporter-output>
        </test-method> <!-- teardown -->
        <test-method status="SKIP" signature="setup()[pri:0, instance:com.crm.qa.testcases.ContactsTest@61832929]" name="setup" is-config="true" duration-ms="0" started-at="2018-11-08T15:34:20Z" finished-at="2018-11-08T15:34:20Z">
          <reporter-output>
          </reporter-output>
        </test-method> <!-- setup -->
        <test-method status="SKIP" signature="clickNewcontact()[pri:0, instance:com.crm.qa.testcases.ContactsTest@61832929]" name="clickNewcontact" duration-ms="10" started-at="2018-11-08T15:34:20Z" finished-at="2018-11-08T15:34:20Z">
          <reporter-output>
          </reporter-output>
        </test-method> <!-- clickNewcontact -->
        <test-method status="SKIP" signature="teardown()[pri:0, instance:com.crm.qa.testcases.ContactsTest@61832929]" name="teardown" is-config="true" duration-ms="0" started-at="2018-11-08T15:34:20Z" finished-at="2018-11-08T15:34:20Z">
          <reporter-output>
          </reporter-output>
        </test-method> <!-- teardown -->
        <test-method status="SKIP" signature="setup()[pri:0, instance:com.crm.qa.testcases.ContactsTest@61832929]" name="setup" is-config="true" duration-ms="0" started-at="2018-11-08T15:34:20Z" finished-at="2018-11-08T15:34:20Z">
          <reporter-output>
          </reporter-output>
        </test-method> <!-- setup -->
        <test-method status="SKIP" signature="CreateNewContact(java.lang.String, java.lang.String, java.lang.String, java.lang.String)[pri:0, instance:com.crm.qa.testcases.ContactsTest@61832929]" name="CreateNewContact" duration-ms="1" started-at="2018-11-08T15:34:20Z" data-provider="getCRMTestData" finished-at="2018-11-08T15:34:20Z">
          <params>
            <param index="0">
              <value>
                <![CDATA[Mr.]]>
              </value>
            </param>
            <param index="1">
              <value>
                <![CDATA[Bekele]]>
              </value>
            </param>
            <param index="2">
              <value>
                <![CDATA[Gashe]]>
              </value>
            </param>
            <param index="3">
              <value>
                <![CDATA[Boku PLC]]>
              </value>
            </param>
          </params>
          <reporter-output>
          </reporter-output>
        </test-method> <!-- CreateNewContact -->
        <test-method status="SKIP" signature="teardown()[pri:0, instance:com.crm.qa.testcases.ContactsTest@61832929]" name="teardown" is-config="true" duration-ms="0" started-at="2018-11-08T15:34:20Z" finished-at="2018-11-08T15:34:20Z">
          <reporter-output>
          </reporter-output>
        </test-method> <!-- teardown -->
        <test-method status="SKIP" signature="setup()[pri:0, instance:com.crm.qa.testcases.ContactsTest@61832929]" name="setup" is-config="true" duration-ms="0" started-at="2018-11-08T15:34:20Z" finished-at="2018-11-08T15:34:20Z">
          <reporter-output>
          </reporter-output>
        </test-method> <!-- setup -->
        <test-method status="SKIP" signature="CreateNewContact(java.lang.String, java.lang.String, java.lang.String, java.lang.String)[pri:0, instance:com.crm.qa.testcases.ContactsTest@61832929]" name="CreateNewContact" duration-ms="1" started-at="2018-11-08T15:34:20Z" data-provider="getCRMTestData" finished-at="2018-11-08T15:34:20Z">
          <params>
            <param index="0">
              <value>
                <![CDATA[Mrs.]]>
              </value>
            </param>
            <param index="1">
              <value>
                <![CDATA[Hilary]]>
              </value>
            </param>
            <param index="2">
              <value>
                <![CDATA[Andrew]]>
              </value>
            </param>
            <param index="3">
              <value>
                <![CDATA[Shuanzu]]>
              </value>
            </param>
          </params>
          <reporter-output>
          </reporter-output>
        </test-method> <!-- CreateNewContact -->
        <test-method status="SKIP" signature="teardown()[pri:0, instance:com.crm.qa.testcases.ContactsTest@61832929]" name="teardown" is-config="true" duration-ms="0" started-at="2018-11-08T15:34:20Z" finished-at="2018-11-08T15:34:20Z">
          <reporter-output>
          </reporter-output>
        </test-method> <!-- teardown -->
        <test-method status="SKIP" signature="setup()[pri:0, instance:com.crm.qa.testcases.ContactsTest@61832929]" name="setup" is-config="true" duration-ms="0" started-at="2018-11-08T15:34:20Z" finished-at="2018-11-08T15:34:20Z">
          <reporter-output>
          </reporter-output>
        </test-method> <!-- setup -->
        <test-method status="SKIP" signature="CreateNewContact(java.lang.String, java.lang.String, java.lang.String, java.lang.String)[pri:0, instance:com.crm.qa.testcases.ContactsTest@61832929]" name="CreateNewContact" duration-ms="2" started-at="2018-11-08T15:34:20Z" data-provider="getCRMTestData" finished-at="2018-11-08T15:34:20Z">
          <params>
            <param index="0">
              <value>
                <![CDATA[Dr.]]>
              </value>
            </param>
            <param index="1">
              <value>
                <![CDATA[Kiku]]>
              </value>
            </param>
            <param index="2">
              <value>
                <![CDATA[Kenyata]]>
              </value>
            </param>
            <param index="3">
              <value>
                <![CDATA[Kaku]]>
              </value>
            </param>
          </params>
          <reporter-output>
          </reporter-output>
        </test-method> <!-- CreateNewContact -->
        <test-method status="SKIP" signature="teardown()[pri:0, instance:com.crm.qa.testcases.ContactsTest@61832929]" name="teardown" is-config="true" duration-ms="0" started-at="2018-11-08T15:34:20Z" finished-at="2018-11-08T15:34:20Z">
          <reporter-output>
          </reporter-output>
        </test-method> <!-- teardown -->
        <test-method status="SKIP" signature="setup()[pri:0, instance:com.crm.qa.testcases.ContactsTest@61832929]" name="setup" is-config="true" duration-ms="0" started-at="2018-11-08T15:34:20Z" finished-at="2018-11-08T15:34:20Z">
          <reporter-output>
          </reporter-output>
        </test-method> <!-- setup -->
        <test-method status="SKIP" signature="CreateNewContact(java.lang.String, java.lang.String, java.lang.String, java.lang.String)[pri:0, instance:com.crm.qa.testcases.ContactsTest@61832929]" name="CreateNewContact" duration-ms="2" started-at="2018-11-08T15:34:20Z" data-provider="getCRMTestData" finished-at="2018-11-08T15:34:20Z">
          <params>
            <param index="0">
              <value>
                <![CDATA[Miss]]>
              </value>
            </param>
            <param index="1">
              <value>
                <![CDATA[Siquare]]>
              </value>
            </param>
            <param index="2">
              <value>
                <![CDATA[Hordofa]]>
              </value>
            </param>
            <param index="3">
              <value>
                <![CDATA[Denkaka]]>
              </value>
            </param>
          </params>
          <reporter-output>
          </reporter-output>
        </test-method> <!-- CreateNewContact -->
        <test-method status="SKIP" signature="teardown()[pri:0, instance:com.crm.qa.testcases.ContactsTest@61832929]" name="teardown" is-config="true" duration-ms="0" started-at="2018-11-08T15:34:20Z" finished-at="2018-11-08T15:34:20Z">
          <reporter-output>
          </reporter-output>
        </test-method> <!-- teardown -->
        <test-method status="SKIP" signature="setup()[pri:0, instance:com.crm.qa.testcases.ContactsTest@61832929]" name="setup" is-config="true" duration-ms="0" started-at="2018-11-08T15:34:20Z" finished-at="2018-11-08T15:34:20Z">
          <reporter-output>
          </reporter-output>
        </test-method> <!-- setup -->
        <test-method status="SKIP" signature="CreateNewContact(java.lang.String, java.lang.String, java.lang.String, java.lang.String)[pri:0, instance:com.crm.qa.testcases.ContactsTest@61832929]" name="CreateNewContact" duration-ms="1" started-at="2018-11-08T15:34:20Z" data-provider="getCRMTestData" finished-at="2018-11-08T15:34:20Z">
          <params>
            <param index="0">
              <value>
                <![CDATA[Prof.]]>
              </value>
            </param>
            <param index="1">
              <value>
                <![CDATA[Zinabu]]>
              </value>
            </param>
            <param index="2">
              <value>
                <![CDATA[Gebremariam]]>
              </value>
            </param>
            <param index="3">
              <value>
                <![CDATA[Hawasa]]>
              </value>
            </param>
          </params>
          <reporter-output>
          </reporter-output>
        </test-method> <!-- CreateNewContact -->
        <test-method status="SKIP" signature="teardown()[pri:0, instance:com.crm.qa.testcases.ContactsTest@61832929]" name="teardown" is-config="true" duration-ms="0" started-at="2018-11-08T15:34:20Z" finished-at="2018-11-08T15:34:20Z">
          <reporter-output>
          </reporter-output>
        </test-method> <!-- teardown -->
        <test-method status="SKIP" signature="setup()[pri:0, instance:com.crm.qa.testcases.ContactsTest@61832929]" name="setup" is-config="true" duration-ms="0" started-at="2018-11-08T15:34:20Z" finished-at="2018-11-08T15:34:20Z">
          <reporter-output>
          </reporter-output>
        </test-method> <!-- setup -->
        <test-method status="SKIP" signature="CreateNewContact(java.lang.String, java.lang.String, java.lang.String, java.lang.String)[pri:0, instance:com.crm.qa.testcases.ContactsTest@61832929]" name="CreateNewContact" duration-ms="2" started-at="2018-11-08T15:34:20Z" data-provider="getCRMTestData" finished-at="2018-11-08T15:34:20Z">
          <params>
            <param index="0">
              <value>
                <![CDATA[Sir]]>
              </value>
            </param>
            <param index="1">
              <value>
                <![CDATA[David ]]>
              </value>
            </param>
            <param index="2">
              <value>
                <![CDATA[Rodishia]]>
              </value>
            </param>
            <param index="3">
              <value>
                <![CDATA[Mombasa]]>
              </value>
            </param>
          </params>
          <reporter-output>
          </reporter-output>
        </test-method> <!-- CreateNewContact -->
        <test-method status="SKIP" signature="teardown()[pri:0, instance:com.crm.qa.testcases.ContactsTest@61832929]" name="teardown" is-config="true" duration-ms="0" started-at="2018-11-08T15:34:20Z" finished-at="2018-11-08T15:34:20Z">
          <reporter-output>
          </reporter-output>
        </test-method> <!-- teardown -->
        <test-method status="SKIP" signature="setup()[pri:0, instance:com.crm.qa.testcases.ContactsTest@61832929]" name="setup" is-config="true" duration-ms="0" started-at="2018-11-08T15:34:20Z" finished-at="2018-11-08T15:34:20Z">
          <reporter-output>
          </reporter-output>
        </test-method> <!-- setup -->
        <test-method status="SKIP" signature="CreateNewContact(java.lang.String, java.lang.String, java.lang.String, java.lang.String)[pri:0, instance:com.crm.qa.testcases.ContactsTest@61832929]" name="CreateNewContact" duration-ms="1" started-at="2018-11-08T15:34:20Z" data-provider="getCRMTestData" finished-at="2018-11-08T15:34:20Z">
          <params>
            <param index="0">
              <value>
                <![CDATA[Ms.]]>
              </value>
            </param>
            <param index="1">
              <value>
                <![CDATA[Adanech]]>
              </value>
            </param>
            <param index="2">
              <value>
                <![CDATA[Habibi]]>
              </value>
            </param>
            <param index="3">
              <value>
                <![CDATA[Dawro]]>
              </value>
            </param>
          </params>
          <reporter-output>
          </reporter-output>
        </test-method> <!-- CreateNewContact -->
        <test-method status="SKIP" signature="teardown()[pri:0, instance:com.crm.qa.testcases.ContactsTest@61832929]" name="teardown" is-config="true" duration-ms="0" started-at="2018-11-08T15:34:20Z" finished-at="2018-11-08T15:34:20Z">
          <reporter-output>
          </reporter-output>
        </test-method> <!-- teardown -->
      </class> <!-- com.crm.qa.testcases.ContactsTest -->
      <class name="com.crm.qa.testcases.HomePageTest">
        <test-method status="FAIL" signature="setup()[pri:0, instance:com.crm.qa.testcases.HomePageTest@42d80b78]" name="setup" is-config="true" duration-ms="0" started-at="2018-11-08T15:34:20Z" finished-at="2018-11-08T15:34:20Z">
          <exception class="org.openqa.selenium.TimeoutException">
            <message>
              <![CDATA[timeout
  (Session info: chrome=70.0.3538.67)
  (Driver info: chromedriver=2.40.565498 (ea082db3280dd6843ebfb08a625e3eb905c4f5ab),platform=Windows NT 10.0.17134 x86_64) (WARNING: The server did not provide any stacktrace information)
Command duration or timeout: 0 milliseconds
Build info: version: '3.13.0', revision: '2f0d292', time: '2018-06-25T15:24:21.231Z'
System info: host: 'LAPTOP-5HLIGGH5', ip: '172.18.56.113', os.name: 'Windows 10', os.arch: 'amd64', os.version: '10.0', java.version: '1.8.0_191'
Driver info: org.openqa.selenium.chrome.ChromeDriver
Capabilities {acceptInsecureCerts: false, acceptSslCerts: false, applicationCacheEnabled: false, browserConnectionEnabled: false, browserName: chrome, chrome: {chromedriverVersion: 2.40.565498 (ea082db3280dd6..., userDataDir: C:\Users\ayalt\AppData\Loca...}, cssSelectorsEnabled: true, databaseEnabled: false, handlesAlerts: true, hasTouchScreen: false, javascriptEnabled: true, locationContextEnabled: true, mobileEmulationEnabled: false, nativeEvents: true, networkConnectionEnabled: false, pageLoadStrategy: normal, platform: XP, platformName: XP, rotatable: false, setWindowRect: true, takesHeapSnapshot: true, takesScreenshot: true, unexpectedAlertBehaviour: , unhandledPromptBehavior: , version: 70.0.3538.67, webStorageEnabled: true}
Session ID: b2aa180c78d5c8c90c475d173c929aef]]>
            </message>
            <full-stacktrace>
              <![CDATA[org.openqa.selenium.TimeoutException: timeout
  (Session info: chrome=70.0.3538.67)
  (Driver info: chromedriver=2.40.565498 (ea082db3280dd6843ebfb08a625e3eb905c4f5ab),platform=Windows NT 10.0.17134 x86_64) (WARNING: The server did not provide any stacktrace information)
Command duration or timeout: 0 milliseconds
Build info: version: '3.13.0', revision: '2f0d292', time: '2018-06-25T15:24:21.231Z'
System info: host: 'LAPTOP-5HLIGGH5', ip: '172.18.56.113', os.name: 'Windows 10', os.arch: 'amd64', os.version: '10.0', java.version: '1.8.0_191'
Driver info: org.openqa.selenium.chrome.ChromeDriver
Capabilities {acceptInsecureCerts: false, acceptSslCerts: false, applicationCacheEnabled: false, browserConnectionEnabled: false, browserName: chrome, chrome: {chromedriverVersion: 2.40.565498 (ea082db3280dd6..., userDataDir: C:\Users\ayalt\AppData\Loca...}, cssSelectorsEnabled: true, databaseEnabled: false, handlesAlerts: true, hasTouchScreen: false, javascriptEnabled: true, locationContextEnabled: true, mobileEmulationEnabled: false, nativeEvents: true, networkConnectionEnabled: false, pageLoadStrategy: normal, platform: XP, platformName: XP, rotatable: false, setWindowRect: true, takesHeapSnapshot: true, takesScreenshot: true, unexpectedAlertBehaviour: , unhandledPromptBehavior: , version: 70.0.3538.67, webStorageEnabled: true}
Session ID: b2aa180c78d5c8c90c475d173c929aef
	at sun.reflect.NativeConstructorAccessorImpl.newInstance0(Native Method)
	at sun.reflect.NativeConstructorAccessorImpl.newInstance(Unknown Source)
	at sun.reflect.DelegatingConstructorAccessorImpl.newInstance(Unknown Source)
	at java.lang.reflect.Constructor.newInstance(Unknown Source)
	at org.openqa.selenium.remote.ErrorHandler.createThrowable(ErrorHandler.java:214)
	at org.openqa.selenium.remote.ErrorHandler.throwIfResponseFailed(ErrorHandler.java:166)
	at org.openqa.selenium.remote.http.JsonHttpResponseCodec.reconstructValue(JsonHttpResponseCodec.java:40)
	at org.openqa.selenium.remote.http.AbstractHttpResponseCodec.decode(AbstractHttpResponseCodec.java:80)
	at org.openqa.selenium.remote.http.AbstractHttpResponseCodec.decode(AbstractHttpResponseCodec.java:44)
	at org.openqa.selenium.remote.HttpCommandExecutor.execute(HttpCommandExecutor.java:158)
	at org.openqa.selenium.remote.service.DriverCommandExecutor.execute(DriverCommandExecutor.java:83)
	at org.openqa.selenium.remote.RemoteWebDriver.execute(RemoteWebDriver.java:548)
	at org.openqa.selenium.remote.RemoteWebDriver.get(RemoteWebDriver.java:276)
	at com.crm.qa.base.TestBase.initialization(TestBase.java:57)
	at com.crm.qa.testcases.HomePageTest.setup(HomePageTest.java:33)
	at sun.reflect.NativeMethodAccessorImpl.invoke0(Native Method)
	at sun.reflect.NativeMethodAccessorImpl.invoke(Unknown Source)
	at sun.reflect.DelegatingMethodAccessorImpl.invoke(Unknown Source)
	at java.lang.reflect.Method.invoke(Unknown Source)
	at org.testng.internal.MethodInvocationHelper.invokeMethod(MethodInvocationHelper.java:80)
	at org.testng.internal.Invoker.invokeConfigurationMethod(Invoker.java:564)
	at org.testng.internal.Invoker.invokeConfigurations(Invoker.java:213)
	at org.testng.internal.Invoker.invokeMethod(Invoker.java:653)
	at org.testng.internal.Invoker.invokeTestMethod(Invoker.java:901)
	at org.testng.internal.Invoker.invokeTestMethods(Invoker.java:1231)
	at org.testng.internal.TestMethodWorker.invokeTestMethods(TestMethodWorker.java:127)
	at org.testng.internal.TestMethodWorker.run(TestMethodWorker.java:111)
	at org.testng.TestRunner.privateRun(TestRunner.java:767)
	at org.testng.TestRunner.run(TestRunner.java:617)
	at org.testng.SuiteRunner.runTest(SuiteRunner.java:334)
	at org.testng.SuiteRunner.runSequentially(SuiteRunner.java:329)
	at org.testng.SuiteRunner.privateRun(SuiteRunner.java:291)
	at org.testng.SuiteRunner.run(SuiteRunner.java:240)
	at org.testng.SuiteRunnerWorker.runSuite(SuiteRunnerWorker.java:52)
	at org.testng.SuiteRunnerWorker.run(SuiteRunnerWorker.java:86)
	at org.testng.TestNG.runSuitesSequentially(TestNG.java:1198)
	at org.testng.TestNG.runSuitesLocally(TestNG.java:1123)
	at org.testng.TestNG.run(TestNG.java:1031)
	at org.testng.remote.AbstractRemoteTestNG.run(AbstractRemoteTestNG.java:114)
	at org.testng.remote.RemoteTestNG.initAndRun(RemoteTestNG.java:251)
	at org.testng.remote.RemoteTestNG.main(RemoteTestNG.java:77)
]]>
            </full-stacktrace>
          </exception> <!-- org.openqa.selenium.TimeoutException -->
          <reporter-output>
          </reporter-output>
        </test-method> <!-- setup -->
        <test-method status="SKIP" signature="verifyTitleTest()[pri:0, instance:com.crm.qa.testcases.HomePageTest@42d80b78]" name="verifyTitleTest" duration-ms="1" started-at="2018-11-08T15:34:45Z" finished-at="2018-11-08T15:34:45Z">
          <reporter-output>
          </reporter-output>
        </test-method> <!-- verifyTitleTest -->
        <test-method status="SKIP" signature="teardown()[pri:0, instance:com.crm.qa.testcases.HomePageTest@42d80b78]" name="teardown" is-config="true" duration-ms="0" started-at="2018-11-08T15:34:45Z" finished-at="2018-11-08T15:34:45Z">
          <reporter-output>
          </reporter-output>
        </test-method> <!-- teardown -->
        <test-method status="SKIP" signature="setup()[pri:0, instance:com.crm.qa.testcases.HomePageTest@42d80b78]" name="setup" is-config="true" duration-ms="0" started-at="2018-11-08T15:34:45Z" finished-at="2018-11-08T15:34:45Z">
          <reporter-output>
          </reporter-output>
        </test-method> <!-- setup -->
        <test-method status="SKIP" signature="ContactsClick()[pri:0, instance:com.crm.qa.testcases.HomePageTest@42d80b78]" name="ContactsClick" duration-ms="0" started-at="2018-11-08T15:34:45Z" finished-at="2018-11-08T15:34:45Z">
          <reporter-output>
          </reporter-output>
        </test-method> <!-- ContactsClick -->
        <test-method status="SKIP" signature="teardown()[pri:0, instance:com.crm.qa.testcases.HomePageTest@42d80b78]" name="teardown" is-config="true" duration-ms="0" started-at="2018-11-08T15:34:45Z" finished-at="2018-11-08T15:34:45Z">
          <reporter-output>
          </reporter-output>
        </test-method> <!-- teardown -->
        <test-method status="SKIP" signature="setup()[pri:0, instance:com.crm.qa.testcases.HomePageTest@42d80b78]" name="setup" is-config="true" duration-ms="0" started-at="2018-11-08T15:34:45Z" finished-at="2018-11-08T15:34:45Z">
          <reporter-output>
          </reporter-output>
        </test-method> <!-- setup -->
        <test-method status="SKIP" signature="Verifyusertest()[pri:0, instance:com.crm.qa.testcases.HomePageTest@42d80b78]" name="Verifyusertest" duration-ms="2" started-at="2018-11-08T15:34:45Z" finished-at="2018-11-08T15:34:45Z">
          <reporter-output>
          </reporter-output>
        </test-method> <!-- Verifyusertest -->
        <test-method status="SKIP" signature="teardown()[pri:0, instance:com.crm.qa.testcases.HomePageTest@42d80b78]" name="teardown" is-config="true" duration-ms="0" started-at="2018-11-08T15:34:45Z" finished-at="2018-11-08T15:34:45Z">
          <reporter-output>
          </reporter-output>
        </test-method> <!-- teardown -->
      </class> <!-- com.crm.qa.testcases.HomePageTest -->
      <class name="com.crm.qa.testcases.LoginPageTest">
        <test-method status="FAIL" signature="setup()[pri:0, instance:com.crm.qa.testcases.LoginPageTest@3bfdc050]" name="setup" is-config="true" duration-ms="0" started-at="2018-11-08T15:34:45Z" finished-at="2018-11-08T15:34:45Z">
          <exception class="org.openqa.selenium.TimeoutException">
            <message>
              <![CDATA[timeout
  (Session info: chrome=70.0.3538.67)
  (Driver info: chromedriver=2.40.565498 (ea082db3280dd6843ebfb08a625e3eb905c4f5ab),platform=Windows NT 10.0.17134 x86_64) (WARNING: The server did not provide any stacktrace information)
Command duration or timeout: 0 milliseconds
Build info: version: '3.13.0', revision: '2f0d292', time: '2018-06-25T15:24:21.231Z'
System info: host: 'LAPTOP-5HLIGGH5', ip: '172.18.56.113', os.name: 'Windows 10', os.arch: 'amd64', os.version: '10.0', java.version: '1.8.0_191'
Driver info: org.openqa.selenium.chrome.ChromeDriver
Capabilities {acceptInsecureCerts: false, acceptSslCerts: false, applicationCacheEnabled: false, browserConnectionEnabled: false, browserName: chrome, chrome: {chromedriverVersion: 2.40.565498 (ea082db3280dd6..., userDataDir: C:\Users\ayalt\AppData\Loca...}, cssSelectorsEnabled: true, databaseEnabled: false, handlesAlerts: true, hasTouchScreen: false, javascriptEnabled: true, locationContextEnabled: true, mobileEmulationEnabled: false, nativeEvents: true, networkConnectionEnabled: false, pageLoadStrategy: normal, platform: XP, platformName: XP, rotatable: false, setWindowRect: true, takesHeapSnapshot: true, takesScreenshot: true, unexpectedAlertBehaviour: , unhandledPromptBehavior: , version: 70.0.3538.67, webStorageEnabled: true}
Session ID: 705a1c2223b2a4961182909b2515e81d]]>
            </message>
            <full-stacktrace>
              <![CDATA[org.openqa.selenium.TimeoutException: timeout
  (Session info: chrome=70.0.3538.67)
  (Driver info: chromedriver=2.40.565498 (ea082db3280dd6843ebfb08a625e3eb905c4f5ab),platform=Windows NT 10.0.17134 x86_64) (WARNING: The server did not provide any stacktrace information)
Command duration or timeout: 0 milliseconds
Build info: version: '3.13.0', revision: '2f0d292', time: '2018-06-25T15:24:21.231Z'
System info: host: 'LAPTOP-5HLIGGH5', ip: '172.18.56.113', os.name: 'Windows 10', os.arch: 'amd64', os.version: '10.0', java.version: '1.8.0_191'
Driver info: org.openqa.selenium.chrome.ChromeDriver
Capabilities {acceptInsecureCerts: false, acceptSslCerts: false, applicationCacheEnabled: false, browserConnectionEnabled: false, browserName: chrome, chrome: {chromedriverVersion: 2.40.565498 (ea082db3280dd6..., userDataDir: C:\Users\ayalt\AppData\Loca...}, cssSelectorsEnabled: true, databaseEnabled: false, handlesAlerts: true, hasTouchScreen: false, javascriptEnabled: true, locationContextEnabled: true, mobileEmulationEnabled: false, nativeEvents: true, networkConnectionEnabled: false, pageLoadStrategy: normal, platform: XP, platformName: XP, rotatable: false, setWindowRect: true, takesHeapSnapshot: true, takesScreenshot: true, unexpectedAlertBehaviour: , unhandledPromptBehavior: , version: 70.0.3538.67, webStorageEnabled: true}
Session ID: 705a1c2223b2a4961182909b2515e81d
	at sun.reflect.NativeConstructorAccessorImpl.newInstance0(Native Method)
	at sun.reflect.NativeConstructorAccessorImpl.newInstance(Unknown Source)
	at sun.reflect.DelegatingConstructorAccessorImpl.newInstance(Unknown Source)
	at java.lang.reflect.Constructor.newInstance(Unknown Source)
	at org.openqa.selenium.remote.ErrorHandler.createThrowable(ErrorHandler.java:214)
	at org.openqa.selenium.remote.ErrorHandler.throwIfResponseFailed(ErrorHandler.java:166)
	at org.openqa.selenium.remote.http.JsonHttpResponseCodec.reconstructValue(JsonHttpResponseCodec.java:40)
	at org.openqa.selenium.remote.http.AbstractHttpResponseCodec.decode(AbstractHttpResponseCodec.java:80)
	at org.openqa.selenium.remote.http.AbstractHttpResponseCodec.decode(AbstractHttpResponseCodec.java:44)
	at org.openqa.selenium.remote.HttpCommandExecutor.execute(HttpCommandExecutor.java:158)
	at org.openqa.selenium.remote.service.DriverCommandExecutor.execute(DriverCommandExecutor.java:83)
	at org.openqa.selenium.remote.RemoteWebDriver.execute(RemoteWebDriver.java:548)
	at org.openqa.selenium.remote.RemoteWebDriver.get(RemoteWebDriver.java:276)
	at com.crm.qa.base.TestBase.initialization(TestBase.java:57)
	at com.crm.qa.testcases.LoginPageTest.setup(LoginPageTest.java:33)
	at sun.reflect.NativeMethodAccessorImpl.invoke0(Native Method)
	at sun.reflect.NativeMethodAccessorImpl.invoke(Unknown Source)
	at sun.reflect.DelegatingMethodAccessorImpl.invoke(Unknown Source)
	at java.lang.reflect.Method.invoke(Unknown Source)
	at org.testng.internal.MethodInvocationHelper.invokeMethod(MethodInvocationHelper.java:80)
	at org.testng.internal.Invoker.invokeConfigurationMethod(Invoker.java:564)
	at org.testng.internal.Invoker.invokeConfigurations(Invoker.java:213)
	at org.testng.internal.Invoker.invokeMethod(Invoker.java:653)
	at org.testng.internal.Invoker.invokeTestMethod(Invoker.java:901)
	at org.testng.internal.Invoker.invokeTestMethods(Invoker.java:1231)
	at org.testng.internal.TestMethodWorker.invokeTestMethods(TestMethodWorker.java:127)
	at org.testng.internal.TestMethodWorker.run(TestMethodWorker.java:111)
	at org.testng.TestRunner.privateRun(TestRunner.java:767)
	at org.testng.TestRunner.run(TestRunner.java:617)
	at org.testng.SuiteRunner.runTest(SuiteRunner.java:334)
	at org.testng.SuiteRunner.runSequentially(SuiteRunner.java:329)
	at org.testng.SuiteRunner.privateRun(SuiteRunner.java:291)
	at org.testng.SuiteRunner.run(SuiteRunner.java:240)
	at org.testng.SuiteRunnerWorker.runSuite(SuiteRunnerWorker.java:52)
	at org.testng.SuiteRunnerWorker.run(SuiteRunnerWorker.java:86)
	at org.testng.TestNG.runSuitesSequentially(TestNG.java:1198)
	at org.testng.TestNG.runSuitesLocally(TestNG.java:1123)
	at org.testng.TestNG.run(TestNG.java:1031)
	at org.testng.remote.AbstractRemoteTestNG.run(AbstractRemoteTestNG.java:114)
	at org.testng.remote.RemoteTestNG.initAndRun(RemoteTestNG.java:251)
	at org.testng.remote.RemoteTestNG.main(RemoteTestNG.java:77)
]]>
            </full-stacktrace>
          </exception> <!-- org.openqa.selenium.TimeoutException -->
          <reporter-output>
          </reporter-output>
        </test-method> <!-- setup -->
        <test-method status="SKIP" signature="validateLoginPagetitleTest()[pri:0, instance:com.crm.qa.testcases.LoginPageTest@3bfdc050]" name="validateLoginPagetitleTest" duration-ms="0" started-at="2018-11-08T15:35:09Z" finished-at="2018-11-08T15:35:09Z">
          <reporter-output>
          </reporter-output>
        </test-method> <!-- validateLoginPagetitleTest -->
        <test-method status="SKIP" signature="teardown()[pri:0, instance:com.crm.qa.testcases.LoginPageTest@3bfdc050]" name="teardown" is-config="true" duration-ms="0" started-at="2018-11-08T15:35:09Z" finished-at="2018-11-08T15:35:09Z">
          <reporter-output>
          </reporter-output>
        </test-method> <!-- teardown -->
        <test-method status="SKIP" signature="setup()[pri:0, instance:com.crm.qa.testcases.LoginPageTest@3bfdc050]" name="setup" is-config="true" duration-ms="0" started-at="2018-11-08T15:35:09Z" finished-at="2018-11-08T15:35:09Z">
          <reporter-output>
          </reporter-output>
        </test-method> <!-- setup -->
        <test-method status="SKIP" signature="crmLogoImageTest()[pri:0, instance:com.crm.qa.testcases.LoginPageTest@3bfdc050]" name="crmLogoImageTest" duration-ms="0" started-at="2018-11-08T15:35:09Z" finished-at="2018-11-08T15:35:09Z">
          <reporter-output>
          </reporter-output>
        </test-method> <!-- crmLogoImageTest -->
        <test-method status="SKIP" signature="teardown()[pri:0, instance:com.crm.qa.testcases.LoginPageTest@3bfdc050]" name="teardown" is-config="true" duration-ms="0" started-at="2018-11-08T15:35:09Z" finished-at="2018-11-08T15:35:09Z">
          <reporter-output>
          </reporter-output>
        </test-method> <!-- teardown -->
        <test-method status="SKIP" signature="setup()[pri:0, instance:com.crm.qa.testcases.LoginPageTest@3bfdc050]" name="setup" is-config="true" duration-ms="0" started-at="2018-11-08T15:35:09Z" finished-at="2018-11-08T15:35:09Z">
          <reporter-output>
          </reporter-output>
        </test-method> <!-- setup -->
        <test-method status="SKIP" signature="LoginTest()[pri:0, instance:com.crm.qa.testcases.LoginPageTest@3bfdc050]" name="LoginTest" duration-ms="1" started-at="2018-11-08T15:35:09Z" finished-at="2018-11-08T15:35:09Z">
          <reporter-output>
          </reporter-output>
        </test-method> <!-- LoginTest -->
        <test-method status="SKIP" signature="teardown()[pri:0, instance:com.crm.qa.testcases.LoginPageTest@3bfdc050]" name="teardown" is-config="true" duration-ms="0" started-at="2018-11-08T15:35:09Z" finished-at="2018-11-08T15:35:09Z">
          <reporter-output>
          </reporter-output>
        </test-method> <!-- teardown -->
      </class> <!-- com.crm.qa.testcases.LoginPageTest -->
    </test> <!-- Free CRM Test -->
  </suite> <!-- Free CRM Automation -->
</testng-results>
